app/build/intermediates/manifest_merge_blame_file/debug/manifest-merger-blame-debug-report.txt
1<?xml version="1.0" encoding="utf-8"?>
2<manifest xmlns:android="http://schemas.android.com/apk/res/android"
3    package="com.example.sms_recever"
4    android:versionCode="1"
5    android:versionName="1.0" >
6
7    <uses-sdk
8        android:minSdkVersion="24"
9        android:targetSdkVersion="33" />
10
11    <uses-feature
11-->src\main\AndroidManifest.xml:6:5-8:36
12        android:name="android.hardware.telephony"
12-->src\main\AndroidManifest.xml:7:9-50
13        android:required="false" />
13-->src\main\AndroidManifest.xml:8:9-33
14
15    <uses-permission android:name="android.permission.RECEIVE_SMS" />
15-->src\main\AndroidManifest.xml:10:5-69
15-->src\main\AndroidManifest.xml:10:22-67
16    <uses-permission android:name="android.permission.READ_SMS" />
16-->src\main\AndroidManifest.xml:11:5-66
16-->src\main\AndroidManifest.xml:11:22-64
17    <uses-permission android:name="android.permission.ACCESS_NETWORK_STATE" />
17-->[com.google.firebase:firebase-inappmessaging:20.3.5] AndroidManifest.xml:7:5-79
17-->[com.google.firebase:firebase-inappmessaging:20.3.5] AndroidManifest.xml:7:22-76
18    <uses-permission android:name="android.permission.INTERNET" />
18-->[com.google.firebase:firebase-inappmessaging:20.3.5] AndroidManifest.xml:8:5-67
18-->[com.google.firebase:firebase-inappmessaging:20.3.5] AndroidManifest.xml:8:22-64
19
20    <permission
20-->[androidx.core:core:1.9.0] AndroidManifest.xml:22:5-24:47
21        android:name="com.example.sms_recever.DYNAMIC_RECEIVER_NOT_EXPORTED_PERMISSION"
21-->[androidx.core:core:1.9.0] AndroidManifest.xml:23:9-81
22        android:protectionLevel="signature" />
22-->[androidx.core:core:1.9.0] AndroidManifest.xml:24:9-44
23
24    <uses-permission android:name="com.example.sms_recever.DYNAMIC_RECEIVER_NOT_EXPORTED_PERMISSION" />
24-->[androidx.core:core:1.9.0] AndroidManifest.xml:26:5-97
24-->[androidx.core:core:1.9.0] AndroidManifest.xml:26:22-94
25
26    <application
26-->src\main\AndroidManifest.xml:12:5-40:19
27        android:allowBackup="true"
27-->src\main\AndroidManifest.xml:13:9-35
28        android:appComponentFactory="androidx.core.app.CoreComponentFactory"
28-->[androidx.core:core:1.9.0] AndroidManifest.xml:28:18-86
29        android:dataExtractionRules="@xml/data_extraction_rules"
29-->src\main\AndroidManifest.xml:14:9-65
30        android:debuggable="true"
31        android:extractNativeLibs="false"
32        android:fullBackupContent="@xml/backup_rules"
32-->src\main\AndroidManifest.xml:15:9-54
33        android:icon="@mipmap/ic_launcher"
33-->src\main\AndroidManifest.xml:16:9-43
34        android:label="@string/app_name"
34-->src\main\AndroidManifest.xml:17:9-41
35        android:roundIcon="@mipmap/ic_launcher_round"
35-->src\main\AndroidManifest.xml:18:9-54
36        android:supportsRtl="true"
36-->src\main\AndroidManifest.xml:19:9-35
37        android:testOnly="true"
38        android:theme="@style/Theme.Sms_recever" >
38-->src\main\AndroidManifest.xml:20:9-49
39        <receiver
39-->src\main\AndroidManifest.xml:22:9-29:20
40            android:name="com.example.sms_recever.MySms"
40-->src\main\AndroidManifest.xml:23:13-34
41            android:enabled="true"
41-->src\main\AndroidManifest.xml:24:13-35
42            android:exported="true" >
42-->src\main\AndroidManifest.xml:25:13-36
43            <intent-filter>
43-->src\main\AndroidManifest.xml:26:13-28:29
44                <action android:name="android.provider.Telephony.SMS_RECEIVED" />
44-->src\main\AndroidManifest.xml:27:17-81
44-->src\main\AndroidManifest.xml:27:25-79
45            </intent-filter>
46        </receiver>
47
48        <activity
48-->src\main\AndroidManifest.xml:31:9-39:20
49            android:name="com.example.sms_recever.MainActivity"
49-->src\main\AndroidManifest.xml:32:13-41
50            android:exported="true" >
50-->src\main\AndroidManifest.xml:33:13-36
51            <intent-filter>
51-->src\main\AndroidManifest.xml:34:13-38:29
52                <action android:name="android.intent.action.MAIN" />
52-->src\main\AndroidManifest.xml:35:17-69
52-->src\main\AndroidManifest.xml:35:25-66
53
54                <category android:name="android.intent.category.LAUNCHER" />
54-->src\main\AndroidManifest.xml:37:17-77
54-->src\main\AndroidManifest.xml:37:27-74
55            </intent-filter>
56        </activity>
57
58        <service
58-->[com.google.firebase:firebase-inappmessaging:20.3.5] AndroidManifest.xml:11:9-17:19
59            android:name="com.google.firebase.components.ComponentDiscoveryService"
59-->[com.google.firebase:firebase-inappmessaging:20.3.5] AndroidManifest.xml:12:13-84
60            android:directBootAware="true"
60-->[com.google.firebase:firebase-common:20.3.3] AndroidManifest.xml:34:13-43
61            android:exported="false" >
61-->[com.google.firebase:firebase-inappmessaging:20.3.5] AndroidManifest.xml:13:13-37
62            <meta-data
62-->[com.google.firebase:firebase-inappmessaging:20.3.5] AndroidManifest.xml:14:13-16:85
63                android:name="com.google.firebase.components:com.google.firebase.inappmessaging.FirebaseInAppMessagingRegistrar"
63-->[com.google.firebase:firebase-inappmessaging:20.3.5] AndroidManifest.xml:15:17-129
64                android:value="com.google.firebase.components.ComponentRegistrar" />
64-->[com.google.firebase:firebase-inappmessaging:20.3.5] AndroidManifest.xml:16:17-82
65            <meta-data
65-->[com.google.firebase:firebase-abt:21.1.1] AndroidManifest.xml:12:13-14:85
66                android:name="com.google.firebase.components:com.google.firebase.abt.component.AbtRegistrar"
66-->[com.google.firebase:firebase-abt:21.1.1] AndroidManifest.xml:13:17-109
67                android:value="com.google.firebase.components.ComponentRegistrar" />
67-->[com.google.firebase:firebase-abt:21.1.1] AndroidManifest.xml:14:17-82
68            <meta-data
68-->[com.google.firebase:firebase-installations:17.1.4] AndroidManifest.xml:15:13-17:85
69                android:name="com.google.firebase.components:com.google.firebase.installations.FirebaseInstallationsRegistrar"
69-->[com.google.firebase:firebase-installations:17.1.4] AndroidManifest.xml:16:17-127
70                android:value="com.google.firebase.components.ComponentRegistrar" />
70-->[com.google.firebase:firebase-installations:17.1.4] AndroidManifest.xml:17:17-82
71            <meta-data
71-->[com.google.firebase:firebase-datatransport:18.2.0] AndroidManifest.xml:25:13-27:85
72                android:name="com.google.firebase.components:com.google.firebase.datatransport.TransportRegistrar"
72-->[com.google.firebase:firebase-datatransport:18.2.0] AndroidManifest.xml:26:17-115
73                android:value="com.google.firebase.components.ComponentRegistrar" />
73-->[com.google.firebase:firebase-datatransport:18.2.0] AndroidManifest.xml:27:17-82
74        </service>
75
76        <provider
76-->[com.google.firebase:firebase-common:20.3.3] AndroidManifest.xml:25:9-30:39
77            android:name="com.google.firebase.provider.FirebaseInitProvider"
77-->[com.google.firebase:firebase-common:20.3.3] AndroidManifest.xml:26:13-77
78            android:authorities="com.example.sms_recever.firebaseinitprovider"
78-->[com.google.firebase:firebase-common:20.3.3] AndroidManifest.xml:27:13-72
79            android:directBootAware="true"
79-->[com.google.firebase:firebase-common:20.3.3] AndroidManifest.xml:28:13-43
80            android:exported="false"
80-->[com.google.firebase:firebase-common:20.3.3] AndroidManifest.xml:29:13-37
81            android:initOrder="100" />
81-->[com.google.firebase:firebase-common:20.3.3] AndroidManifest.xml:30:13-36
82
83        <meta-data
83-->[com.google.android.gms:play-services-basement:18.1.0] AndroidManifest.xml:21:9-23:69
84            android:name="com.google.android.gms.version"
84-->[com.google.android.gms:play-services-basement:18.1.0] AndroidManifest.xml:22:13-58
85            android:value="@integer/google_play_services_version" />
85-->[com.google.android.gms:play-services-basement:18.1.0] AndroidManifest.xml:23:13-66
86
87        <provider
87-->[androidx.emoji2:emoji2:1.2.0] AndroidManifest.xml:24:9-32:20
88            android:name="androidx.startup.InitializationProvider"
88-->[androidx.emoji2:emoji2:1.2.0] AndroidManifest.xml:25:13-67
89            android:authorities="com.example.sms_recever.androidx-startup"
89-->[androidx.emoji2:emoji2:1.2.0] AndroidManifest.xml:26:13-68
90            android:exported="false" >
90-->[androidx.emoji2:emoji2:1.2.0] AndroidManifest.xml:27:13-37
91            <meta-data
91-->[androidx.emoji2:emoji2:1.2.0] AndroidManifest.xml:29:13-31:52
92                android:name="androidx.emoji2.text.EmojiCompatInitializer"
92-->[androidx.emoji2:emoji2:1.2.0] AndroidManifest.xml:30:17-75
93                android:value="androidx.startup" />
93-->[androidx.emoji2:emoji2:1.2.0] AndroidManifest.xml:31:17-49
94            <meta-data
94-->[androidx.lifecycle:lifecycle-process:2.4.1] AndroidManifest.xml:31:13-33:52
95                android:name="androidx.lifecycle.ProcessLifecycleInitializer"
95-->[androidx.lifecycle:lifecycle-process:2.4.1] AndroidManifest.xml:32:17-78
96                android:value="androidx.startup" />
96-->[androidx.lifecycle:lifecycle-process:2.4.1] AndroidManifest.xml:33:17-49
97        </provider>
98
99        <service
99-->[com.google.android.datatransport:transport-backend-cct:3.1.9] AndroidManifest.xml:28:9-34:19
100            android:name="com.google.android.datatransport.runtime.backends.TransportBackendDiscovery"
100-->[com.google.android.datatransport:transport-backend-cct:3.1.9] AndroidManifest.xml:29:13-103
101            android:exported="false" >
101-->[com.google.android.datatransport:transport-backend-cct:3.1.9] AndroidManifest.xml:30:13-37
102            <meta-data
102-->[com.google.android.datatransport:transport-backend-cct:3.1.9] AndroidManifest.xml:31:13-33:39
103                android:name="backend:com.google.android.datatransport.cct.CctBackendFactory"
103-->[com.google.android.datatransport:transport-backend-cct:3.1.9] AndroidManifest.xml:32:17-94
104                android:value="cct" />
104-->[com.google.android.datatransport:transport-backend-cct:3.1.9] AndroidManifest.xml:33:17-36
105        </service>
106        <service
106-->[com.google.android.datatransport:transport-runtime:3.1.9] AndroidManifest.xml:26:9-30:19
107            android:name="com.google.android.datatransport.runtime.scheduling.jobscheduling.JobInfoSchedulerService"
107-->[com.google.android.datatransport:transport-runtime:3.1.9] AndroidManifest.xml:27:13-117
108            android:exported="false"
108-->[com.google.android.datatransport:transport-runtime:3.1.9] AndroidManifest.xml:28:13-37
109            android:permission="android.permission.BIND_JOB_SERVICE" >
109-->[com.google.android.datatransport:transport-runtime:3.1.9] AndroidManifest.xml:29:13-69
110        </service>
111
112        <receiver
112-->[com.google.android.datatransport:transport-runtime:3.1.9] AndroidManifest.xml:32:9-34:40
113            android:name="com.google.android.datatransport.runtime.scheduling.jobscheduling.AlarmManagerSchedulerBroadcastReceiver"
113-->[com.google.android.datatransport:transport-runtime:3.1.9] AndroidManifest.xml:33:13-132
114            android:exported="false" />
114-->[com.google.android.datatransport:transport-runtime:3.1.9] AndroidManifest.xml:34:13-37
115    </application>
116
117</manifest>